<?xml version="1.0" encoding="UTF-8"?>
<!-- Generated by org.testng.reporters.JUnitReportReporter -->
<testsuite hostname="LAPTOP-HHG97Q7R" failures="0" tests="2" name="com.OrangeHRM.TestCases.OrangeHRMTestCases" time="44.785" errors="0" timestamp="2023-12-22T18:25:00 IST" skipped="0">
  <testcase classname="com.OrangeHRM.TestCases.OrangeHRMTestCases" name="loginWithValidCredentialsTC_001" time="15.355"/>
  <system-out/>
  <testcase classname="com.OrangeHRM.TestCases.OrangeHRMTestCases" name="loginWithInvalidCredentialsTC_002" time="29.430"/>
  <system-out/>
</testsuite> <!-- com.OrangeHRM.TestCases.OrangeHRMTestCases -->
