<?xml version="1.0" encoding="UTF-8"?>
<!-- Generated by org.testng.reporters.JUnitReportReporter -->
<testsuite hostname="LAPTOP-HHG97Q7R" failures="0" tests="2" name="com.OrangeHRM.TestCases.OrangeHRMTestCases" time="53.101" errors="0" timestamp="2023-12-19T21:38:29 IST" skipped="0">
  <testcase classname="com.OrangeHRM.TestCases.OrangeHRMTestCases" name="loginWithValidCredentialsTC_001" time="27.470"/>
  <system-out/>
  <testcase classname="com.OrangeHRM.TestCases.OrangeHRMTestCases" name="loginWithInvalidCredentialsTC_002" time="25.631"/>
  <system-out/>
</testsuite> <!-- com.OrangeHRM.TestCases.OrangeHRMTestCases -->
